commit 18bf0f7bac0d29a091b966c8dc4281c55ad18d29
Author: jpedroso7 <jonaspedroso7@gmail.com>
Date:   Thu May 16 11:06:46 2024 +0100

    Signed-off-by: jpedroso7 <jonaspedroso7@gmail.com>
    alteração de background

commit 07c9a55d2f3f362f26480bc11c2415c16f8f6de9
Author: jpedroso7 <jonaspedroso7@gmail.com>
Date:   Thu May 16 11:02:49 2024 +0100

    Signed-off-by: jpedroso7 <jonaspedroso7@gmail.com>
    alteração no style.css

commit 6bd1a89fb57c9cb4c5d863f882a6748e2ee07fd0
Author: jpedroso7 <jonaspedroso7@gmail.com>
Date:   Thu May 16 10:49:57 2024 +0100

    Signed-off-by: jpedroso7 <jonaspedroso7@gmail.com>
    mudança de banckground e adição de "Definições" e "Alterar password"

commit 542fed22f897b70aeb0c45a12de590637ce69ec4
Author: jpedroso7 <jonaspedroso7@gmail.com>
Date:   Wed May 15 11:33:43 2024 +0100

    Signed-off-by: jpedroso7 <jonaspedroso7@gmail.com>
    Profile Page / Styles

commit f8da895989fb24e0050be6dbd58b6bc8d50431ba
Author: Rui1210481 <1210481@isep.ipp.pt>
Date:   Tue May 14 19:13:17 2024 +0100

    0

commit 64abeae35a663ad8e9d4ba649516159850d59288
Merge: 8b02b76 a84f627
Author: jpedroso7 <jonaspedroso7@gmail.com>
Date:   Thu May 9 16:24:55 2024 +0100

    Merge branch 'main' of https://github.com/jpedroso7/DEAPC_P16

commit 8b02b763402d14a90e8724d6f1dc9894ed1d1ab9
Author: jpedroso7 <jonaspedroso7@gmail.com>
Date:   Thu May 9 16:24:02 2024 +0100

    Signed-off-by: jpedroso7 <jonaspedroso7@gmail.com>
    Correção README

commit a84f627112e9b0a5e0f0cfc207d85264f1bc455b
Author: Daniel Botelho <botelhodaniel1998@gmail.com>
Date:   Thu May 9 16:19:12 2024 +0100

    correção de erros nos caminhos do css

commit e512d32e9627dea57d511f60ca9a1f797c29c927
Merge: 32ec518 f48f34c
Author: Daniel Botelho <botelhodaniel1998@gmail.com>
Date:   Thu May 9 11:40:37 2024 +0100

    Merge branch 'main' of https://github.com/jpedroso7/DEAPC_P16

commit 32ec5182adc4646632eee2b01b60cc47d7ed19a5
Author: Daniel Botelho <botelhodaniel1998@gmail.com>
Date:   Thu May 9 11:40:28 2024 +0100

    pequenas alteracoes estruturais

commit f48f34c4fa730b38029d8b9122d337278c4035ad
Author: Rui1210481 <1210481@isep.ipp.pt>
Date:   Wed May 8 23:19:42 2024 +0100

    Update index.html

commit f06f4dd041dbd4954a5b1e18a4c01c0e5a51f64f
Author: Rui1210481 <1210481@isep.ipp.pt>
Date:   Wed May 8 23:18:27 2024 +0100

    Update index.html

commit 1a41ec9e77644e76a362f2a3a5b2a91e378db697
Author: Rui1210481 <1210481@isep.ipp.pt>
Date:   Wed May 8 23:16:17 2024 +0100

    Update index.html

commit 38aa150b871b2340b3044a8cad066b33886321b4
Author: Rui1210481 <1210481@isep.ipp.pt>
Date:   Wed May 8 23:14:44 2024 +0100

    Update index.html

commit 9251d22c0f4e5942ad2b8dd3a9afe12733e77d50
Author: Daniel Botelho <botelhodaniel1998@gmail.com>
Date:   Tue May 7 09:53:31 2024 +0100

    mudanças dos caminhos nos ficheiros

commit 9bf4cb0740785ed88dbb1e8422c3d276965e70ed
Author: Daniel Botelho <botelhodaniel1998@gmail.com>
Date:   Tue May 7 09:43:03 2024 +0100

    pastas com os nomes de acordo c o guiao 1

commit 5070d7b30d7f7578312ad75b3360c01386596a08
Author: Daniel Botelho <botelhodaniel1998@gmail.com>
Date:   Tue May 7 09:40:19 2024 +0100

    butoes de login

commit 32e82a5dace083d2c2a45548c318b34814234c6c
Author: Daniel Botelho <botelhodaniel1998@gmail.com>
Date:   Mon May 6 18:32:17 2024 +0100

    Ajuste de páginas de reserva e javascript para os preços

commit 9630b34b51cfb16efd7f80c4b356e494585b1286
Author: Daniel Botelho <botelhodaniel1998@gmail.com>
Date:   Fri May 3 18:58:11 2024 +0100

    Pagina de login e registo

commit 261883647250fe4dfb2e7d52932830d669e146a4
Author: Daniel Botelho <botelhodaniel1998@gmail.com>
Date:   Fri May 3 16:26:38 2024 +0100

    titulo do site

commit 2d9cce41be17da29b64630cc2e1c115e47f1102a
Merge: 28e8e0c a84570a
Author: Daniel Botelho <113935790+djbotelho@users.noreply.github.com>
Date:   Fri May 3 15:38:36 2024 +0100

    Merge pull request #1 from jpedroso7/Daniel_Branch
    
    Ajuste de navbar

commit a84570a5321d84d2988517f5a1045d70930c745b
Author: Daniel Botelho <botelhodaniel1998@gmail.com>
Date:   Fri May 3 15:36:05 2024 +0100

    Ajuste de navbar

commit 28e8e0ce8bd5887bff329ff3b66888ed382aacda
Author: Daniel Botelho <botelhodaniel1998@gmail.com>
Date:   Fri May 3 12:46:06 2024 +0100

    create passos.txt
    
    ficheiro com os objetivos do site

commit 17febc0f73cb377ade842ee05eb4b33106c787b9
Author: Daniel Botelho <botelhodaniel1998@gmail.com>
Date:   Fri May 3 12:42:48 2024 +0100

    Ajustes ao layout e imagens

commit d0e10c0312c981a2c8d35ddfdb4a1bf5eb9cb2bd
Author: Daniel Botelho <botelhodaniel1998@gmail.com>
Date:   Fri May 3 10:13:26 2024 +0100

    Paginas html para todos os destinos e links

commit 421cff945f14bf51281cd60cd5206d65aa981739
Author: Daniel Botelho <botelhodaniel1998@gmail.com>
Date:   Fri May 3 09:27:51 2024 +0100

    Greece page added
    
    PAgina da grecia, com link criado ao carregar na imagem

commit ea1c39d5bb0262a72c6d7602b84f93bff0fdb831
Author: Daniel Botelho <botelhodaniel1998@gmail.com>
Date:   Fri May 3 09:18:27 2024 +0100

    Criação pasta CSS

commit 8a546650abd5cbebcb91cefb8bfd6296fd42e948
Author: jpedroso7 <jonaspedroso7@gmail.com>
Date:   Fri May 3 09:08:28 2024 +0100

    Signed-off-by: jpedroso7 <jonaspedroso7@gmail.com>
    Alteração

commit c2f1be108aec2d4aabd1038810953ab31f9e5970
Author: jpedroso7 <jonaspedroso7@gmail.com>
Date:   Fri May 3 09:03:25 2024 +0100

    Signed-off-by: jpedroso7 <jonaspedroso7@gmail.com>
    Alterações aos ficheiros

commit 4da02690775160941aa44b5b658052f0890645f1
Author: Rui1210481 <1210481@isep.ipp.pt>
Date:   Thu May 2 22:53:41 2024 +0100

    .

commit 2b79d9cd48105d18eda05448208a7b2a3678d0fe
Author: Rui1210481 <1210481@isep.ipp.pt>
Date:   Thu May 2 22:53:30 2024 +0100

    Update projeto.doc
    
    tabela atualizada

commit a2600fddbe3bfd2c544cfa30e8c42ba1ea0cea29
Merge: af44b63 6d1adc6
Author: Daniel Botelho <botelhodaniel1998@gmail.com>
Date:   Thu May 2 22:51:08 2024 +0100

    Merge branch 'main' of https://github.com/jpedroso7/DEAPC_P16

commit af44b634d592980f300cd06c2a61d60a73b12de0
Author: Daniel Botelho <botelhodaniel1998@gmail.com>
Date:   Thu May 2 22:50:53 2024 +0100

    Homepage base
    
    Homepage base com imagens dos destinos (Ideia inicial)

commit 6d1adc636c4e3abfedfb6adb6ac73ee9a9836107
Author: Rui1210481 <1210481@isep.ipp.pt>
Date:   Thu May 2 22:43:11 2024 +0100

    Create ~$rojeto.doc

commit 8be20a27c05ceffd432a7671b15f9c3d79ece583
Author: jpedroso7 <jonaspedroso7@gmail.com>
Date:   Thu May 2 22:32:06 2024 +0100

    Signed-off-by: jpedroso7 <jonaspedroso7@gmail.com>
    Guiao 2)

commit 9ca9ade54f3a1a21194695e7e6c8189abb73e125
Author: jpedroso7 <jonaspedroso7@gmail.com>
Date:   Thu May 2 22:09:07 2024 +0100

    Signed-off-by: jpedroso7 <jonaspedroso7@gmail.com>
    delete
    
    Signed-off-by: jpedroso7 <jonaspedroso7@gmail.com>

commit 38c2b2d25da2f5cfb61918ea734a0f45d4bb7cc5
Author: Rui1210481 <1210481@isep.ipp.pt>
Date:   Thu May 2 22:07:34 2024 +0100

    Signed-off-by: Rui1210481 <1210481@isep.ipp.pt>jjj

commit e677b4b6967021944604e62af0d6679e6e1c562c
Author: jpedroso7 <jonaspedroso7@gmail.com>
Date:   Thu May 2 21:39:04 2024 +0100

    Questão 1
    Signed-off-by: jpedroso7 <jonaspedroso7@gmail.com>

commit e4bc1eef8f110b49760b6423051bae66dcefa980
Author: jpedroso7 <jonaspedroso7@gmail.com>
Date:   Thu May 2 21:37:16 2024 +0100

    delete sdfd
    Signed-off-by: jpedroso7 <jonaspedroso7@gmail.com>

commit 3789e91acc410880d15d05262a718413a072e4cb
Merge: 0dd08c5 26dcf77
Author: jpedroso7 <jonaspedroso7@gmail.com>
Date:   Thu May 2 21:35:34 2024 +0100

    Merge branch 'main' of https://github.com/jpedroso7/DEAPC_P16

commit 0dd08c5848d355b0bd8510fc4ad32f8ea0dac20e
Author: jpedroso7 <jonaspedroso7@gmail.com>
Date:   Thu May 2 21:35:05 2024 +0100

    envio test
    Signed-off-by: jpedroso7 <jonaspedroso7@gmail.com>

commit 26dcf77c3f7a54dab10041c4802b8a8c3fc5eb88
Author: Daniel Botelho <botelhodaniel1998@gmail.com>
Date:   Thu May 2 21:34:28 2024 +0100

    Create index2.html
    
    teste2

commit 4d9f6b55e7e612392190f8e1d58e40f7fa69aa84
Author: jpedroso7 <168755449+jpedroso7@users.noreply.github.com>
Date:   Thu May 2 21:29:21 2024 +0100

    Create README.md

commit 26cd31907f8aac6dd1111bb56fc05d15b3356650
Author: Rui1210481 <1210481@isep.ipp.pt>
Date:   Thu May 2 21:29:02 2024 +0100

    Update index.html

commit f9e579fe930e65865ebe1387c6344bea72f611fe
Author: Daniel Botelho <botelhodaniel1998@gmail.com>
Date:   Thu May 2 21:16:42 2024 +0100

    Create index.html
    
    teste
